Using pre-set license
Built from '2022.3/staging' branch; Version is '2022.3.4f1 (35713cd46cd7) revision 3502396'; Using compiler version '192829333'; Build Type 'Release'
OS: 'Windows 11  (10.0.22631) 64bit Core' Language: 'nl' Physical Memory: 32372 MB
BatchMode: 1, IsHumanControllingUs: 0, StartBugReporterOnCrash: 0, Is64bit: 1, IsPro: 1

COMMAND LINE ARGUMENTS:
C:\Program Files\Unity\Hub\Editor\2022.3.4f1\Editor\Unity.exe
-adb2
-batchMode
-noUpm
-name
AssetImportWorker2
-projectPath
C:/Users/quint/Documents/Mediacollege/2023-2024/LevelupPractise/Levelup
-logFile
Logs/AssetImportWorker2.log
-srvPort
53869
Successfully changed project path to: C:/Users/quint/Documents/Mediacollege/2023-2024/LevelupPractise/Levelup
C:/Users/quint/Documents/Mediacollege/2023-2024/LevelupPractise/Levelup
[UnityMemory] Configuration Parameters - Can be set up in boot.config
    "memorysetup-bucket-allocator-granularity=16"
    "memorysetup-bucket-allocator-bucket-count=8"
    "memorysetup-bucket-allocator-block-size=33554432"
    "memorysetup-bucket-allocator-block-count=8"
    "memorysetup-main-allocator-block-size=16777216"
    "memorysetup-thread-allocator-block-size=16777216"
    "memorysetup-gfx-main-allocator-block-size=16777216"
    "memorysetup-gfx-thread-allocator-block-size=16777216"
    "memorysetup-cache-allocator-block-size=4194304"
    "memorysetup-typetree-allocator-block-size=2097152"
    "memorysetup-profiler-bucket-allocator-granularity=16"
    "memorysetup-profiler-bucket-allocator-bucket-count=8"
    "memorysetup-profiler-bucket-allocator-block-size=33554432"
    "memorysetup-profiler-bucket-allocator-block-count=8"
    "memorysetup-profiler-allocator-block-size=16777216"
    "memorysetup-profiler-editor-allocator-block-size=1048576"
    "memorysetup-temp-allocator-size-main=16777216"
    "memorysetup-job-temp-allocator-block-size=2097152"
    "memorysetup-job-temp-allocator-block-size-background=1048576"
    "memorysetup-job-temp-allocator-reduction-small-platforms=262144"
    "memorysetup-allocator-temp-initial-block-size-main=262144"
    "memorysetup-allocator-temp-initial-block-size-worker=262144"
    "memorysetup-temp-allocator-size-background-worker=32768"
    "memorysetup-temp-allocator-size-job-worker=262144"
    "memorysetup-temp-allocator-size-preload-manager=33554432"
    "memorysetup-temp-allocator-size-nav-mesh-worker=65536"
    "memorysetup-temp-allocator-size-audio-worker=65536"
    "memorysetup-temp-allocator-size-cloud-worker=32768"
    "memorysetup-temp-allocator-size-gi-baking-worker=262144"
    "memorysetup-temp-allocator-size-gfx=262144"
Player connection [22652] Host "[IP] 192.168.1.136 [Port] 0 [Flags] 2 [Guid] 2573409398 [EditorId] 2573409398 [Version] 1048832 [Id] WindowsEditor(7,Q-laptop) [Debug] 1 [PackageName] WindowsEditor [ProjectName] Editor" joined multi-casting on [225.0.0.222:54997]...

Player connection [22652] Host "[IP] 192.168.1.136 [Port] 0 [Flags] 2 [Guid] 2573409398 [EditorId] 2573409398 [Version] 1048832 [Id] WindowsEditor(7,Q-laptop) [Debug] 1 [PackageName] WindowsEditor [ProjectName] Editor" joined alternative multi-casting on [225.0.0.222:34997]...

Refreshing native plugins compatible for Editor in 9.24 ms, found 3 plugins.
Preloading 0 native plugins for Editor in 0.00 ms.
Initialize engine version: 2022.3.4f1 (35713cd46cd7)
[Subsystems] Discovering subsystems at path C:/Program Files/Unity/Hub/Editor/2022.3.4f1/Editor/Data/Resources/UnitySubsystems
[Subsystems] Discovering subsystems at path C:/Users/quint/Documents/Mediacollege/2023-2024/LevelupPractise/Levelup/Assets
GfxDevice: creating device client; threaded=0; jobified=0
Direct3D:
    Version:  Direct3D 11.0 [level 11.1]
    Renderer: NVIDIA GeForce RTX 3050 4GB Laptop GPU (ID=0x25ab)
    Vendor:   NVIDIA
    VRAM:     3978 MB
    Driver:   31.0.15.4592
Initialize mono
Mono path[0] = 'C:/Program Files/Unity/Hub/Editor/2022.3.4f1/Editor/Data/Managed'
Mono path[1] = 'C:/Program Files/Unity/Hub/Editor/2022.3.4f1/Editor/Data/MonoBleedingEdge/lib/mono/unityjit-win32'
Mono config path = 'C:/Program Files/Unity/Hub/Editor/2022.3.4f1/Editor/Data/MonoBleedingEdge/etc'
Using monoOptions --debugger-agent=transport=dt_socket,embedding=1,server=y,suspend=n,address=127.0.0.1:56448
Begin MonoManager ReloadAssembly
Registering precompiled unity dll's ...
Register platform support module: C:/Program Files/Unity/Hub/Editor/2022.3.4f1/Editor/Data/PlaybackEngines/AndroidPlayer/UnityEditor.Android.Extensions.dll
Register platform support module: C:/Program Files/Unity/Hub/Editor/2022.3.4f1/Editor/Data/PlaybackEngines/WindowsStandaloneSupport/UnityEditor.WindowsStandalone.Extensions.dll
Registered in 0.010724 seconds.
- Loaded All Assemblies, in  0.435 seconds
Native extension for WindowsStandalone target not found
Native extension for Android target not found
Android SDK Build-tools component is not found. Make sure all tools are installed in the SDK manager.
UnityEngine.StackTraceUtility:ExtractStackTrace ()
UnityEngine.DebugLogHandler:LogFormat (UnityEngine.LogType,UnityEngine.Object,string,object[])
UnityEngine.Logger:Log (UnityEngine.LogType,object)
UnityEngine.Debug:LogError (object)
UnityEditor.Android.AndroidSDKTools:UpdateToolsDirectories ()
UnityEditor.Android.AndroidSDKTools:.ctor (string)
UnityEditor.Android.AndroidSDKTools:CreateAndroidSDKTools (string)
UnityEditor.Android.AndroidSDKTools:GetInstance<UnityEditor.Android.AndroidSDKTools> (UnityEditor.Android.AndroidSDKTools/InstanceCreator)
UnityEditor.Android.AndroidSDKTools:GetInstance ()
UnityEditor.Android.AndroidDeploymentTargetsExtension:GetMainThreadContext (bool)
UnityEditor.Android.TargetExtension:OnUsbDevicesChanged (UnityEditor.Hardware.UsbDevice[])
UnityEditor.Android.TargetExtension:OnLoad ()
UnityEditor.Modules.ModuleManager:InitializePlatformSupportModules ()

Android Extension - Scanning For ADB Devices 364 ms
Mono: successfully reloaded assembly
- Finished resetting the current domain, in  0.904 seconds
Domain Reload Profiling: 1338ms
	BeginReloadAssembly (101ms)
		ExecutionOrderSort (0ms)
		DisableScriptedObjects (0ms)
		BackupInstance (0ms)
		ReleaseScriptingObjects (0ms)
		CreateAndSetChildDomain (1ms)
	RebuildCommonClasses (36ms)
	RebuildNativeTypeToScriptingClass (12ms)
	initialDomainReloadingComplete (76ms)
	LoadAllAssembliesAndSetupDomain (209ms)
		LoadAssemblies (99ms)
		RebuildTransferFunctionScriptingTraits (0ms)
		AnalyzeDomain (198ms)
			TypeCache.Refresh (197ms)
				TypeCache.ScanAssembly (183ms)
			ScanForSourceGeneratedMonoScriptInfo (1ms)
			ResolveRequiredComponents (1ms)
	FinalizeReload (905ms)
		ReleaseScriptCaches (0ms)
		RebuildScriptCaches (0ms)
		SetupLoadedEditorAssemblies (830ms)
			LogAssemblyErrors (0ms)
			InitializePlatformSupportModulesInManaged (663ms)
			SetLoadedEditorAssemblies (5ms)
			RefreshPlugins (0ms)
			BeforeProcessingInitializeOnLoad (2ms)
			ProcessInitializeOnLoadAttributes (110ms)
			ProcessInitializeOnLoadMethodAttributes (50ms)
			AfterProcessingInitializeOnLoad (0ms)
			EditorAssembliesLoaded (0ms)
		ExecutionOrderSort2 (0ms)
		AwakeInstancesAfterBackupRestoration (0ms)
========================================================================
Worker process is ready to serve import requests
Begin MonoManager ReloadAssembly
Symbol file LoadedFromMemory doesn't match image C:\Users\quint\Documents\Mediacollege\2023-2024\LevelupPractise\Levelup\Library\PackageCache\com.unity.visualscripting@1.8.0\Editor\VisualScripting.Core\Dependencies\YamlDotNet\Unity.VisualScripting.YamlDotNet.dll
Symbol file LoadedFromMemory doesn't match image C:\Users\quint\Documents\Mediacollege\2023-2024\LevelupPractise\Levelup\Library\PackageCache\com.unity.visualscripting@1.8.0\Editor\VisualScripting.Core\Dependencies\DotNetZip\Unity.VisualScripting.IonicZip.dll
- Loaded All Assemblies, in  1.011 seconds
Refreshing native plugins compatible for Editor in 10.41 ms, found 3 plugins.
Native extension for WindowsStandalone target not found
Native extension for Android target not found
Mono: successfully reloaded assembly
- Finished resetting the current domain, in  1.445 seconds
Domain Reload Profiling: 2453ms
	BeginReloadAssembly (145ms)
		ExecutionOrderSort (0ms)
		DisableScriptedObjects (6ms)
		BackupInstance (0ms)
		ReleaseScriptingObjects (0ms)
		CreateAndSetChildDomain (28ms)
	RebuildCommonClasses (36ms)
	RebuildNativeTypeToScriptingClass (11ms)
	initialDomainReloadingComplete (49ms)
	LoadAllAssembliesAndSetupDomain (766ms)
		LoadAssemblies (336ms)
		RebuildTransferFunctionScriptingTraits (0ms)
		AnalyzeDomain (495ms)
			TypeCache.Refresh (442ms)
				TypeCache.ScanAssembly (420ms)
			ScanForSourceGeneratedMonoScriptInfo (40ms)
			ResolveRequiredComponents (12ms)
	FinalizeReload (1446ms)
		ReleaseScriptCaches (0ms)
		RebuildScriptCaches (0ms)
		SetupLoadedEditorAssemblies (1093ms)
			LogAssemblyErrors (0ms)
			InitializePlatformSupportModulesInManaged (29ms)
			SetLoadedEditorAssemblies (6ms)
			RefreshPlugins (0ms)
			BeforeProcessingInitializeOnLoad (92ms)
			ProcessInitializeOnLoadAttributes (792ms)
			ProcessInitializeOnLoadMethodAttributes (165ms)
			AfterProcessingInitializeOnLoad (9ms)
			EditorAssembliesLoaded (0ms)
		ExecutionOrderSort2 (0ms)
		AwakeInstancesAfterBackupRestoration (15ms)
Launched and connected shader compiler UnityShaderCompiler.exe after 0.11 seconds
Refreshing native plugins compatible for Editor in 6.33 ms, found 3 plugins.
Preloading 0 native plugins for Editor in 0.00 ms.
Unloading 5864 Unused Serialized files (Serialized files now loaded: 0)
Unloading 99 unused Assets / (0.9 MB). Loaded Objects now: 6319.
Memory consumption went from 235.3 MB to 234.4 MB.
Total: 6.706300 ms (FindLiveObjects: 0.545800 ms CreateObjectMapping: 0.356200 ms MarkObjects: 5.167700 ms  DeleteObjects: 0.634800 ms)

AssetImportParameters requested are different than current active one (requested -> active):
  custom:container-demuxer-ogg: 62fdf1f143b41e24485cea50d1cbac27 -> 
  custom:video-codec-MediaFoundation-h265: e54d7ab0439102e2317fc1e4b246158d -> 
  custom:scripting/monoscript/fileName/TriggerEditor.cs: e95e9e810dd9aae117c0eb2846ecafd4 -> 46f7396c7f2969a6e910e27ba1dd47a9
  custom:scripting/monoscript/fileName/CharacterControlEditor.cs: 6e09202751e867c99e9411a5163a380a -> 74b27d9e1055e4252d7b9ecb61871e6e
  custom:video-decoder-ogg-theora: a1e56fd34408186e4bbccfd4996cb3dc -> 
  custom:framework-win-MediaFoundation: 216162199b28c13a410421893ffa2e32 -> 
  custom:scripting/monoscript/fileName/CollectibleEditor.cs: b98340b07deffeb04de7e41ce32fb893 -> 5103579d60b51b5586e580e349d65753
  custom:scripting/monoscript/fileName/LevelEndPoint.cs: 899dfc763c07eb0f9b5285f747a75a12 -> 56a57129fde64e4d99b1942ff0191538
  custom:CustomObjectIndexerAttribute: a3ef5dd2817f97addfee359851a9dba5 -> 
  custom:container-demuxer-webm: 4f35f7cbe854078d1ac9338744f61a02 -> 
  custom:scripting/monoscript/fileName/PlateauBeweger.cs: 4538804633475692a2a5903ac02d8820 -> 7ef75c966ff0647456a4dee49c4591ab
  custom:container-muxer-webm: aa71ff27fc2769a1b78a27578f13a17b -> 
  custom:video-decoder-webm-vp8: 9c59270c3fd7afecdb556c50c9e8de78 -> 
  custom:AudioImporter_EditorPlatform: d09bf68614088b80899f8185d706f6e7 -> 
  custom:scripting/monoscript/fileName/Teleporter.cs: fe96482a3937fbb38eea23adcf696ef0 -> d985ce36f855c981e05b242e07fef67e
  custom:scripting/monoscript/fileName/PointEditor.cs: 8ee4b8d2958896c5f837d7b43e39fc18 -> 1328adb2b5de9928ad531b360bcc4f2a
  custom:video-encoder-webm-vp8: eb34c28f22e8b96e1ab97ce403110664 -> 
  custom:scripting/monoscript/fileName/PlayerLifeSupport.cs: d79fc0d2a05c5f449405717996c928fc -> 04639116e4da0193d3449de15e895b4e
  custom:audio-decoder-ogg-vorbis: bf7c407c2cedff20999df2af8eb42d56 -> 
  custom:scripting/monoscript/fileName/PlateauDrager.cs: 01dc49771a8eed1f44c559ff73d862a2 -> 8f34c580c9e1e377a04060e70f8a95d5
  custom:scripting/monoscript/fileName/Collectible.cs: 59ee5c346961cc2a9565a5418420c5c6 -> b86e3b51e1e8eabd47b104a8ce852c38
  custom:audio-encoder-webm-vorbis: bf7c407c2cedff20999df2af8eb42d56 -> 
  custom:scripting/monoscript/fileName/LevelSpawnPoint.cs: 5d3c60f6231a24d5d587787d0148ad07 -> 08cf35abc1607a5f85855841105cd387
  custom:scripting/monoscript/fileName/Deadzone.cs: d8794a28cbb7dd6932f87ab1ecbc07da -> 911018f686903743fe95b633b0d10aa9
  custom:scripting/monoscript/fileName/DeadzoneEditor.cs: 4c9e104bb091deeb5f723f636d0a3400 -> 065d9c75c38e553b8e38538b743646a6
  custom:scripting/monoscript/fileName/TriggerAnimation.cs: 4035b0dc920608c826845f82b26035fb -> 68ac04c275e75ad87efeb7ffeed98bef
========================================================================
Received Prepare
Begin MonoManager ReloadAssembly
Symbol file LoadedFromMemory doesn't match image C:\Users\quint\Documents\Mediacollege\2023-2024\LevelupPractise\Levelup\Library\PackageCache\com.unity.visualscripting@1.8.0\Editor\VisualScripting.Core\Dependencies\YamlDotNet\Unity.VisualScripting.YamlDotNet.dll
Symbol file LoadedFromMemory doesn't match image C:\Users\quint\Documents\Mediacollege\2023-2024\LevelupPractise\Levelup\Library\PackageCache\com.unity.visualscripting@1.8.0\Editor\VisualScripting.Core\Dependencies\DotNetZip\Unity.VisualScripting.IonicZip.dll
- Loaded All Assemblies, in  0.914 seconds
Refreshing native plugins compatible for Editor in 5.10 ms, found 3 plugins.
Native extension for WindowsStandalone target not found
Native extension for Android target not found
Mono: successfully reloaded assembly
- Finished resetting the current domain, in  1.618 seconds
Domain Reload Profiling: 2530ms
	BeginReloadAssembly (286ms)
		ExecutionOrderSort (0ms)
		DisableScriptedObjects (11ms)
		BackupInstance (0ms)
		ReleaseScriptingObjects (0ms)
		CreateAndSetChildDomain (97ms)
	RebuildCommonClasses (36ms)
	RebuildNativeTypeToScriptingClass (12ms)
	initialDomainReloadingComplete (33ms)
	LoadAllAssembliesAndSetupDomain (545ms)
		LoadAssemblies (315ms)
		RebuildTransferFunctionScriptingTraits (0ms)
		AnalyzeDomain (324ms)
			TypeCache.Refresh (306ms)
				TypeCache.ScanAssembly (292ms)
			ScanForSourceGeneratedMonoScriptInfo (7ms)
			ResolveRequiredComponents (10ms)
	FinalizeReload (1619ms)
		ReleaseScriptCaches (0ms)
		RebuildScriptCaches (0ms)
		SetupLoadedEditorAssemblies (754ms)
			LogAssemblyErrors (0ms)
			InitializePlatformSupportModulesInManaged (23ms)
			SetLoadedEditorAssemblies (4ms)
			RefreshPlugins (0ms)
			BeforeProcessingInitializeOnLoad (73ms)
			ProcessInitializeOnLoadAttributes (595ms)
			ProcessInitializeOnLoadMethodAttributes (55ms)
			AfterProcessingInitializeOnLoad (5ms)
			EditorAssembliesLoaded (0ms)
		ExecutionOrderSort2 (0ms)
		AwakeInstancesAfterBackupRestoration (16ms)
Refreshing native plugins compatible for Editor in 3.11 ms, found 3 plugins.
Preloading 0 native plugins for Editor in 0.00 ms.
Unloading 5686 Unused Serialized files (Serialized files now loaded: 0)
Unloading 53 unused Assets / (0.8 MB). Loaded Objects now: 6335.
Memory consumption went from 203.0 MB to 202.1 MB.
Total: 4.710100 ms (FindLiveObjects: 0.440100 ms CreateObjectMapping: 0.179700 ms MarkObjects: 3.655900 ms  DeleteObjects: 0.432600 ms)

Prepare: number of updated asset objects reloaded= 0
AssetImportParameters requested are different than current active one (requested -> active):
  custom:container-demuxer-ogg: 62fdf1f143b41e24485cea50d1cbac27 -> 
  custom:video-codec-MediaFoundation-h265: e54d7ab0439102e2317fc1e4b246158d -> 
  custom:scripting/monoscript/fileName/TriggerEditor.cs: e95e9e810dd9aae117c0eb2846ecafd4 -> 46f7396c7f2969a6e910e27ba1dd47a9
  custom:scripting/monoscript/fileName/CharacterControlEditor.cs: 6e09202751e867c99e9411a5163a380a -> 74b27d9e1055e4252d7b9ecb61871e6e
  custom:video-decoder-ogg-theora: a1e56fd34408186e4bbccfd4996cb3dc -> 
  custom:framework-win-MediaFoundation: 216162199b28c13a410421893ffa2e32 -> 
  custom:scripting/monoscript/fileName/CollectibleEditor.cs: b98340b07deffeb04de7e41ce32fb893 -> 5103579d60b51b5586e580e349d65753
  custom:scripting/monoscript/fileName/LevelEndPoint.cs: 899dfc763c07eb0f9b5285f747a75a12 -> 56a57129fde64e4d99b1942ff0191538
  custom:CustomObjectIndexerAttribute: a3ef5dd2817f97addfee359851a9dba5 -> 
  custom:container-demuxer-webm: 4f35f7cbe854078d1ac9338744f61a02 -> 
  custom:scripting/monoscript/fileName/PlateauBeweger.cs: 4538804633475692a2a5903ac02d8820 -> 7ef75c966ff0647456a4dee49c4591ab
  custom:container-muxer-webm: aa71ff27fc2769a1b78a27578f13a17b -> 
  custom:video-decoder-webm-vp8: 9c59270c3fd7afecdb556c50c9e8de78 -> 
  custom:AudioImporter_EditorPlatform: d09bf68614088b80899f8185d706f6e7 -> 
  custom:scripting/monoscript/fileName/Teleporter.cs: fe96482a3937fbb38eea23adcf696ef0 -> d985ce36f855c981e05b242e07fef67e
  custom:scripting/monoscript/fileName/PointEditor.cs: 8ee4b8d2958896c5f837d7b43e39fc18 -> 1328adb2b5de9928ad531b360bcc4f2a
  custom:video-encoder-webm-vp8: eb34c28f22e8b96e1ab97ce403110664 -> 
  custom:scripting/monoscript/fileName/PlayerLifeSupport.cs: d79fc0d2a05c5f449405717996c928fc -> 04639116e4da0193d3449de15e895b4e
  custom:audio-decoder-ogg-vorbis: bf7c407c2cedff20999df2af8eb42d56 -> 
  custom:scripting/monoscript/fileName/PlateauDrager.cs: 01dc49771a8eed1f44c559ff73d862a2 -> 8f34c580c9e1e377a04060e70f8a95d5
  custom:scripting/monoscript/fileName/Collectible.cs: 59ee5c346961cc2a9565a5418420c5c6 -> b86e3b51e1e8eabd47b104a8ce852c38
  custom:audio-encoder-webm-vorbis: bf7c407c2cedff20999df2af8eb42d56 -> 
  custom:scripting/monoscript/fileName/LevelSpawnPoint.cs: 5d3c60f6231a24d5d587787d0148ad07 -> 08cf35abc1607a5f85855841105cd387
  custom:scripting/monoscript/fileName/Deadzone.cs: d8794a28cbb7dd6932f87ab1ecbc07da -> 911018f686903743fe95b633b0d10aa9
  custom:scripting/monoscript/fileName/DeadzoneEditor.cs: 4c9e104bb091deeb5f723f636d0a3400 -> 065d9c75c38e553b8e38538b743646a6
  custom:scripting/monoscript/fileName/TriggerAnimation.cs: 4035b0dc920608c826845f82b26035fb -> 68ac04c275e75ad87efeb7ffeed98bef
========================================================================
Received Prepare
Begin MonoManager ReloadAssembly
Symbol file LoadedFromMemory doesn't match image C:\Users\quint\Documents\Mediacollege\2023-2024\LevelupPractise\Levelup\Library\PackageCache\com.unity.visualscripting@1.8.0\Editor\VisualScripting.Core\Dependencies\YamlDotNet\Unity.VisualScripting.YamlDotNet.dll
Symbol file LoadedFromMemory doesn't match image C:\Users\quint\Documents\Mediacollege\2023-2024\LevelupPractise\Levelup\Library\PackageCache\com.unity.visualscripting@1.8.0\Editor\VisualScripting.Core\Dependencies\DotNetZip\Unity.VisualScripting.IonicZip.dll
- Loaded All Assemblies, in  0.927 seconds
Refreshing native plugins compatible for Editor in 3.04 ms, found 3 plugins.
Native extension for WindowsStandalone target not found
Native extension for Android target not found
Mono: successfully reloaded assembly
- Finished resetting the current domain, in  1.378 seconds
Domain Reload Profiling: 2302ms
	BeginReloadAssembly (152ms)
		ExecutionOrderSort (0ms)
		DisableScriptedObjects (4ms)
		BackupInstance (0ms)
		ReleaseScriptingObjects (0ms)
		CreateAndSetChildDomain (50ms)
	RebuildCommonClasses (43ms)
	RebuildNativeTypeToScriptingClass (15ms)
	initialDomainReloadingComplete (33ms)
	LoadAllAssembliesAndSetupDomain (681ms)
		LoadAssemblies (342ms)
		RebuildTransferFunctionScriptingTraits (0ms)
		AnalyzeDomain (387ms)
			TypeCache.Refresh (368ms)
				TypeCache.ScanAssembly (354ms)
			ScanForSourceGeneratedMonoScriptInfo (6ms)
			ResolveRequiredComponents (13ms)
	FinalizeReload (1378ms)
		ReleaseScriptCaches (0ms)
		RebuildScriptCaches (0ms)
		SetupLoadedEditorAssemblies (781ms)
			LogAssemblyErrors (0ms)
			InitializePlatformSupportModulesInManaged (24ms)
			SetLoadedEditorAssemblies (3ms)
			RefreshPlugins (0ms)
			BeforeProcessingInitializeOnLoad (93ms)
			ProcessInitializeOnLoadAttributes (599ms)
			ProcessInitializeOnLoadMethodAttributes (57ms)
			AfterProcessingInitializeOnLoad (5ms)
			EditorAssembliesLoaded (0ms)
		ExecutionOrderSort2 (0ms)
		AwakeInstancesAfterBackupRestoration (16ms)
Refreshing native plugins compatible for Editor in 2.91 ms, found 3 plugins.
Preloading 0 native plugins for Editor in 0.00 ms.
Unloading 5686 Unused Serialized files (Serialized files now loaded: 0)
Unloading 53 unused Assets / (0.8 MB). Loaded Objects now: 6351.
Memory consumption went from 203.0 MB to 202.1 MB.
Total: 4.853700 ms (FindLiveObjects: 0.399500 ms CreateObjectMapping: 0.174600 ms MarkObjects: 3.857700 ms  DeleteObjects: 0.420500 ms)

Prepare: number of updated asset objects reloaded= 0
AssetImportParameters requested are different than current active one (requested -> active):
  custom:container-demuxer-ogg: 62fdf1f143b41e24485cea50d1cbac27 -> 
  custom:video-codec-MediaFoundation-h265: e54d7ab0439102e2317fc1e4b246158d -> 
  custom:scripting/monoscript/fileName/TriggerEditor.cs: e95e9e810dd9aae117c0eb2846ecafd4 -> 46f7396c7f2969a6e910e27ba1dd47a9
  custom:scripting/monoscript/fileName/CharacterControlEditor.cs: 6e09202751e867c99e9411a5163a380a -> 74b27d9e1055e4252d7b9ecb61871e6e
  custom:video-decoder-ogg-theora: a1e56fd34408186e4bbccfd4996cb3dc -> 
  custom:framework-win-MediaFoundation: 216162199b28c13a410421893ffa2e32 -> 
  custom:scripting/monoscript/fileName/CollectibleEditor.cs: b98340b07deffeb04de7e41ce32fb893 -> 5103579d60b51b5586e580e349d65753
  custom:scripting/monoscript/fileName/LevelEndPoint.cs: 899dfc763c07eb0f9b5285f747a75a12 -> 56a57129fde64e4d99b1942ff0191538
  custom:CustomObjectIndexerAttribute: a3ef5dd2817f97addfee359851a9dba5 -> 
  custom:container-demuxer-webm: 4f35f7cbe854078d1ac9338744f61a02 -> 
  custom:scripting/monoscript/fileName/PlateauBeweger.cs: 4538804633475692a2a5903ac02d8820 -> 7ef75c966ff0647456a4dee49c4591ab
  custom:container-muxer-webm: aa71ff27fc2769a1b78a27578f13a17b -> 
  custom:video-decoder-webm-vp8: 9c59270c3fd7afecdb556c50c9e8de78 -> 
  custom:AudioImporter_EditorPlatform: d09bf68614088b80899f8185d706f6e7 -> 
  custom:scripting/monoscript/fileName/Teleporter.cs: fe96482a3937fbb38eea23adcf696ef0 -> d985ce36f855c981e05b242e07fef67e
  custom:scripting/monoscript/fileName/PointEditor.cs: 8ee4b8d2958896c5f837d7b43e39fc18 -> 1328adb2b5de9928ad531b360bcc4f2a
  custom:video-encoder-webm-vp8: eb34c28f22e8b96e1ab97ce403110664 -> 
  custom:scripting/monoscript/fileName/PlayerLifeSupport.cs: d79fc0d2a05c5f449405717996c928fc -> 04639116e4da0193d3449de15e895b4e
  custom:audio-decoder-ogg-vorbis: bf7c407c2cedff20999df2af8eb42d56 -> 
  custom:scripting/monoscript/fileName/PlateauDrager.cs: 01dc49771a8eed1f44c559ff73d862a2 -> 8f34c580c9e1e377a04060e70f8a95d5
  custom:scripting/monoscript/fileName/Collectible.cs: 59ee5c346961cc2a9565a5418420c5c6 -> b86e3b51e1e8eabd47b104a8ce852c38
  custom:audio-encoder-webm-vorbis: bf7c407c2cedff20999df2af8eb42d56 -> 
  custom:scripting/monoscript/fileName/LevelSpawnPoint.cs: 5d3c60f6231a24d5d587787d0148ad07 -> 08cf35abc1607a5f85855841105cd387
  custom:scripting/monoscript/fileName/Deadzone.cs: d8794a28cbb7dd6932f87ab1ecbc07da -> 911018f686903743fe95b633b0d10aa9
  custom:scripting/monoscript/fileName/DeadzoneEditor.cs: 4c9e104bb091deeb5f723f636d0a3400 -> 065d9c75c38e553b8e38538b743646a6
  custom:scripting/monoscript/fileName/TriggerAnimation.cs: 4035b0dc920608c826845f82b26035fb -> 68ac04c275e75ad87efeb7ffeed98bef
========================================================================
Received Prepare
Begin MonoManager ReloadAssembly
Symbol file LoadedFromMemory doesn't match image C:\Users\quint\Documents\Mediacollege\2023-2024\LevelupPractise\Levelup\Library\PackageCache\com.unity.visualscripting@1.8.0\Editor\VisualScripting.Core\Dependencies\YamlDotNet\Unity.VisualScripting.YamlDotNet.dll
Symbol file LoadedFromMemory doesn't match image C:\Users\quint\Documents\Mediacollege\2023-2024\LevelupPractise\Levelup\Library\PackageCache\com.unity.visualscripting@1.8.0\Editor\VisualScripting.Core\Dependencies\DotNetZip\Unity.VisualScripting.IonicZip.dll
- Loaded All Assemblies, in  0.778 seconds
Refreshing native plugins compatible for Editor in 2.84 ms, found 3 plugins.
Native extension for WindowsStandalone target not found
Native extension for Android target not found
Mono: successfully reloaded assembly
- Finished resetting the current domain, in  1.185 seconds
Domain Reload Profiling: 1961ms
	BeginReloadAssembly (201ms)
		ExecutionOrderSort (0ms)
		DisableScriptedObjects (11ms)
		BackupInstance (0ms)
		ReleaseScriptingObjects (0ms)
		CreateAndSetChildDomain (68ms)
	RebuildCommonClasses (34ms)
	RebuildNativeTypeToScriptingClass (13ms)
	initialDomainReloadingComplete (35ms)
	LoadAllAssembliesAndSetupDomain (493ms)
		LoadAssemblies (237ms)
		RebuildTransferFunctionScriptingTraits (0ms)
		AnalyzeDomain (308ms)
			TypeCache.Refresh (289ms)
				TypeCache.ScanAssembly (278ms)
			ScanForSourceGeneratedMonoScriptInfo (7ms)
			ResolveRequiredComponents (12ms)
	FinalizeReload (1185ms)
		ReleaseScriptCaches (0ms)
		RebuildScriptCaches (0ms)
		SetupLoadedEditorAssemblies (603ms)
			LogAssemblyErrors (0ms)
			InitializePlatformSupportModulesInManaged (26ms)
			SetLoadedEditorAssemblies (3ms)
			RefreshPlugins (0ms)
			BeforeProcessingInitializeOnLoad (85ms)
			ProcessInitializeOnLoadAttributes (435ms)
			ProcessInitializeOnLoadMethodAttributes (48ms)
			AfterProcessingInitializeOnLoad (5ms)
			EditorAssembliesLoaded (0ms)
		ExecutionOrderSort2 (0ms)
		AwakeInstancesAfterBackupRestoration (14ms)
Refreshing native plugins compatible for Editor in 2.64 ms, found 3 plugins.
Preloading 0 native plugins for Editor in 0.00 ms.
Unloading 5686 Unused Serialized files (Serialized files now loaded: 0)
Unloading 53 unused Assets / (0.8 MB). Loaded Objects now: 6367.
Memory consumption went from 203.1 MB to 202.2 MB.
Total: 7.449200 ms (FindLiveObjects: 0.592900 ms CreateObjectMapping: 0.324600 ms MarkObjects: 5.615400 ms  DeleteObjects: 0.914400 ms)

Prepare: number of updated asset objects reloaded= 0
AssetImportParameters requested are different than current active one (requested -> active):
  custom:container-demuxer-ogg: 62fdf1f143b41e24485cea50d1cbac27 -> 
  custom:video-codec-MediaFoundation-h265: e54d7ab0439102e2317fc1e4b246158d -> 
  custom:scripting/monoscript/fileName/TriggerEditor.cs: e95e9e810dd9aae117c0eb2846ecafd4 -> 46f7396c7f2969a6e910e27ba1dd47a9
  custom:scripting/monoscript/fileName/CharacterControlEditor.cs: 6e09202751e867c99e9411a5163a380a -> 74b27d9e1055e4252d7b9ecb61871e6e
  custom:video-decoder-ogg-theora: a1e56fd34408186e4bbccfd4996cb3dc -> 
  custom:framework-win-MediaFoundation: 216162199b28c13a410421893ffa2e32 -> 
  custom:scripting/monoscript/fileName/CollectibleEditor.cs: b98340b07deffeb04de7e41ce32fb893 -> 5103579d60b51b5586e580e349d65753
  custom:scripting/monoscript/fileName/LevelEndPoint.cs: 899dfc763c07eb0f9b5285f747a75a12 -> 56a57129fde64e4d99b1942ff0191538
  custom:CustomObjectIndexerAttribute: a3ef5dd2817f97addfee359851a9dba5 -> 
  custom:container-demuxer-webm: 4f35f7cbe854078d1ac9338744f61a02 -> 
  custom:scripting/monoscript/fileName/PlateauBeweger.cs: 4538804633475692a2a5903ac02d8820 -> 7ef75c966ff0647456a4dee49c4591ab
  custom:container-muxer-webm: aa71ff27fc2769a1b78a27578f13a17b -> 
  custom:video-decoder-webm-vp8: 9c59270c3fd7afecdb556c50c9e8de78 -> 
  custom:AudioImporter_EditorPlatform: d09bf68614088b80899f8185d706f6e7 -> 
  custom:scripting/monoscript/fileName/Teleporter.cs: fe96482a3937fbb38eea23adcf696ef0 -> d985ce36f855c981e05b242e07fef67e
  custom:scripting/monoscript/fileName/PointEditor.cs: 8ee4b8d2958896c5f837d7b43e39fc18 -> 1328adb2b5de9928ad531b360bcc4f2a
  custom:video-encoder-webm-vp8: eb34c28f22e8b96e1ab97ce403110664 -> 
  custom:scripting/monoscript/fileName/PlayerLifeSupport.cs: d79fc0d2a05c5f449405717996c928fc -> 04639116e4da0193d3449de15e895b4e
  custom:audio-decoder-ogg-vorbis: bf7c407c2cedff20999df2af8eb42d56 -> 
  custom:scripting/monoscript/fileName/PlateauDrager.cs: 01dc49771a8eed1f44c559ff73d862a2 -> 8f34c580c9e1e377a04060e70f8a95d5
  custom:scripting/monoscript/fileName/Collectible.cs: 59ee5c346961cc2a9565a5418420c5c6 -> b86e3b51e1e8eabd47b104a8ce852c38
  custom:audio-encoder-webm-vorbis: bf7c407c2cedff20999df2af8eb42d56 -> 
  custom:scripting/monoscript/fileName/LevelSpawnPoint.cs: 5d3c60f6231a24d5d587787d0148ad07 -> 08cf35abc1607a5f85855841105cd387
  custom:scripting/monoscript/fileName/Deadzone.cs: d8794a28cbb7dd6932f87ab1ecbc07da -> 911018f686903743fe95b633b0d10aa9
  custom:scripting/monoscript/fileName/DeadzoneEditor.cs: 4c9e104bb091deeb5f723f636d0a3400 -> 065d9c75c38e553b8e38538b743646a6
  custom:scripting/monoscript/fileName/TriggerAnimation.cs: 4035b0dc920608c826845f82b26035fb -> 68ac04c275e75ad87efeb7ffeed98bef
========================================================================
Received Prepare
Begin MonoManager ReloadAssembly
Symbol file LoadedFromMemory doesn't match image C:\Users\quint\Documents\Mediacollege\2023-2024\LevelupPractise\Levelup\Library\PackageCache\com.unity.visualscripting@1.8.0\Editor\VisualScripting.Core\Dependencies\YamlDotNet\Unity.VisualScripting.YamlDotNet.dll
Symbol file LoadedFromMemory doesn't match image C:\Users\quint\Documents\Mediacollege\2023-2024\LevelupPractise\Levelup\Library\PackageCache\com.unity.visualscripting@1.8.0\Editor\VisualScripting.Core\Dependencies\DotNetZip\Unity.VisualScripting.IonicZip.dll
- Loaded All Assemblies, in  0.732 seconds
Refreshing native plugins compatible for Editor in 4.74 ms, found 3 plugins.
Native extension for WindowsStandalone target not found
Native extension for Android target not found
Mono: successfully reloaded assembly
- Finished resetting the current domain, in  1.681 seconds
Domain Reload Profiling: 2410ms
	BeginReloadAssembly (150ms)
		ExecutionOrderSort (0ms)
		DisableScriptedObjects (5ms)
		BackupInstance (0ms)
		ReleaseScriptingObjects (0ms)
		CreateAndSetChildDomain (50ms)
	RebuildCommonClasses (30ms)
	RebuildNativeTypeToScriptingClass (10ms)
	initialDomainReloadingComplete (29ms)
	LoadAllAssembliesAndSetupDomain (509ms)
		LoadAssemblies (250ms)
		RebuildTransferFunctionScriptingTraits (0ms)
		AnalyzeDomain (311ms)
			TypeCache.Refresh (298ms)
				TypeCache.ScanAssembly (284ms)
			ScanForSourceGeneratedMonoScriptInfo (0ms)
			ResolveRequiredComponents (12ms)
	FinalizeReload (1682ms)
		ReleaseScriptCaches (0ms)
		RebuildScriptCaches (0ms)
		SetupLoadedEditorAssemblies (1036ms)
			LogAssemblyErrors (0ms)
			InitializePlatformSupportModulesInManaged (25ms)
			SetLoadedEditorAssemblies (3ms)
			RefreshPlugins (0ms)
			BeforeProcessingInitializeOnLoad (78ms)
			ProcessInitializeOnLoadAttributes (791ms)
			ProcessInitializeOnLoadMethodAttributes (129ms)
			AfterProcessingInitializeOnLoad (8ms)
			EditorAssembliesLoaded (0ms)
		ExecutionOrderSort2 (0ms)
		AwakeInstancesAfterBackupRestoration (28ms)
Refreshing native plugins compatible for Editor in 3.80 ms, found 3 plugins.
Preloading 0 native plugins for Editor in 0.00 ms.
Unloading 5686 Unused Serialized files (Serialized files now loaded: 0)
Unloading 53 unused Assets / (0.8 MB). Loaded Objects now: 6383.
Memory consumption went from 203.1 MB to 202.2 MB.
Total: 4.892400 ms (FindLiveObjects: 0.598600 ms CreateObjectMapping: 0.192100 ms MarkObjects: 3.589600 ms  DeleteObjects: 0.511200 ms)

Prepare: number of updated asset objects reloaded= 0
AssetImportParameters requested are different than current active one (requested -> active):
  custom:container-demuxer-ogg: 62fdf1f143b41e24485cea50d1cbac27 -> 
  custom:video-codec-MediaFoundation-h265: e54d7ab0439102e2317fc1e4b246158d -> 
  custom:scripting/monoscript/fileName/TriggerEditor.cs: e95e9e810dd9aae117c0eb2846ecafd4 -> 46f7396c7f2969a6e910e27ba1dd47a9
  custom:scripting/monoscript/fileName/CharacterControlEditor.cs: 6e09202751e867c99e9411a5163a380a -> 74b27d9e1055e4252d7b9ecb61871e6e
  custom:video-decoder-ogg-theora: a1e56fd34408186e4bbccfd4996cb3dc -> 
  custom:framework-win-MediaFoundation: 216162199b28c13a410421893ffa2e32 -> 
  custom:scripting/monoscript/fileName/CollectibleEditor.cs: b98340b07deffeb04de7e41ce32fb893 -> 5103579d60b51b5586e580e349d65753
  custom:scripting/monoscript/fileName/LevelEndPoint.cs: 899dfc763c07eb0f9b5285f747a75a12 -> 56a57129fde64e4d99b1942ff0191538
  custom:CustomObjectIndexerAttribute: a3ef5dd2817f97addfee359851a9dba5 -> 
  custom:container-demuxer-webm: 4f35f7cbe854078d1ac9338744f61a02 -> 
  custom:scripting/monoscript/fileName/PlateauBeweger.cs: 4538804633475692a2a5903ac02d8820 -> 7ef75c966ff0647456a4dee49c4591ab
  custom:container-muxer-webm: aa71ff27fc2769a1b78a27578f13a17b -> 
  custom:video-decoder-webm-vp8: 9c59270c3fd7afecdb556c50c9e8de78 -> 
  custom:AudioImporter_EditorPlatform: d09bf68614088b80899f8185d706f6e7 -> 
  custom:scripting/monoscript/fileName/Teleporter.cs: fe96482a3937fbb38eea23adcf696ef0 -> d985ce36f855c981e05b242e07fef67e
  custom:scripting/monoscript/fileName/PointEditor.cs: 8ee4b8d2958896c5f837d7b43e39fc18 -> 1328adb2b5de9928ad531b360bcc4f2a
  custom:video-encoder-webm-vp8: eb34c28f22e8b96e1ab97ce403110664 -> 
  custom:scripting/monoscript/fileName/PlayerLifeSupport.cs: d79fc0d2a05c5f449405717996c928fc -> 04639116e4da0193d3449de15e895b4e
  custom:audio-decoder-ogg-vorbis: bf7c407c2cedff20999df2af8eb42d56 -> 
  custom:scripting/monoscript/fileName/PlateauDrager.cs: 01dc49771a8eed1f44c559ff73d862a2 -> 8f34c580c9e1e377a04060e70f8a95d5
  custom:scripting/monoscript/fileName/Collectible.cs: 59ee5c346961cc2a9565a5418420c5c6 -> b86e3b51e1e8eabd47b104a8ce852c38
  custom:audio-encoder-webm-vorbis: bf7c407c2cedff20999df2af8eb42d56 -> 
  custom:scripting/monoscript/fileName/LevelSpawnPoint.cs: 5d3c60f6231a24d5d587787d0148ad07 -> 08cf35abc1607a5f85855841105cd387
  custom:scripting/monoscript/fileName/Deadzone.cs: d8794a28cbb7dd6932f87ab1ecbc07da -> 911018f686903743fe95b633b0d10aa9
  custom:scripting/monoscript/fileName/DeadzoneEditor.cs: 4c9e104bb091deeb5f723f636d0a3400 -> 065d9c75c38e553b8e38538b743646a6
  custom:scripting/monoscript/fileName/TriggerAnimation.cs: 4035b0dc920608c826845f82b26035fb -> 68ac04c275e75ad87efeb7ffeed98bef
========================================================================
Received Prepare
Begin MonoManager ReloadAssembly
Symbol file LoadedFromMemory doesn't match image C:\Users\quint\Documents\Mediacollege\2023-2024\LevelupPractise\Levelup\Library\PackageCache\com.unity.visualscripting@1.8.0\Editor\VisualScripting.Core\Dependencies\YamlDotNet\Unity.VisualScripting.YamlDotNet.dll
Symbol file LoadedFromMemory doesn't match image C:\Users\quint\Documents\Mediacollege\2023-2024\LevelupPractise\Levelup\Library\PackageCache\com.unity.visualscripting@1.8.0\Editor\VisualScripting.Core\Dependencies\DotNetZip\Unity.VisualScripting.IonicZip.dll
- Loaded All Assemblies, in  0.836 seconds
Refreshing native plugins compatible for Editor in 2.97 ms, found 3 plugins.
Native extension for WindowsStandalone target not found
Native extension for Android target not found
Mono: successfully reloaded assembly
- Finished resetting the current domain, in  1.604 seconds
Domain Reload Profiling: 2435ms
	BeginReloadAssembly (195ms)
		ExecutionOrderSort (0ms)
		DisableScriptedObjects (4ms)
		BackupInstance (0ms)
		ReleaseScriptingObjects (0ms)
		CreateAndSetChildDomain (46ms)
	RebuildCommonClasses (84ms)
	RebuildNativeTypeToScriptingClass (15ms)
	initialDomainReloadingComplete (56ms)
	LoadAllAssembliesAndSetupDomain (479ms)
		LoadAssemblies (308ms)
		RebuildTransferFunctionScriptingTraits (0ms)
		AnalyzeDomain (273ms)
			TypeCache.Refresh (262ms)
				TypeCache.ScanAssembly (251ms)
			ScanForSourceGeneratedMonoScriptInfo (0ms)
			ResolveRequiredComponents (10ms)
	FinalizeReload (1605ms)
		ReleaseScriptCaches (0ms)
		RebuildScriptCaches (0ms)
		SetupLoadedEditorAssemblies (956ms)
			LogAssemblyErrors (0ms)
			InitializePlatformSupportModulesInManaged (38ms)
			SetLoadedEditorAssemblies (4ms)
			RefreshPlugins (0ms)
			BeforeProcessingInitializeOnLoad (71ms)
			ProcessInitializeOnLoadAttributes (771ms)
			ProcessInitializeOnLoadMethodAttributes (66ms)
			AfterProcessingInitializeOnLoad (6ms)
			EditorAssembliesLoaded (0ms)
		ExecutionOrderSort2 (0ms)
		AwakeInstancesAfterBackupRestoration (19ms)
Refreshing native plugins compatible for Editor in 3.87 ms, found 3 plugins.
Preloading 0 native plugins for Editor in 0.00 ms.
Unloading 5686 Unused Serialized files (Serialized files now loaded: 0)
Unloading 53 unused Assets / (0.8 MB). Loaded Objects now: 6399.
Memory consumption went from 203.0 MB to 202.2 MB.
Total: 5.616300 ms (FindLiveObjects: 0.423000 ms CreateObjectMapping: 0.209600 ms MarkObjects: 4.510500 ms  DeleteObjects: 0.471300 ms)

Prepare: number of updated asset objects reloaded= 0
AssetImportParameters requested are different than current active one (requested -> active):
  custom:container-demuxer-ogg: 62fdf1f143b41e24485cea50d1cbac27 -> 
  custom:video-codec-MediaFoundation-h265: e54d7ab0439102e2317fc1e4b246158d -> 
  custom:scripting/monoscript/fileName/TriggerEditor.cs: e95e9e810dd9aae117c0eb2846ecafd4 -> 46f7396c7f2969a6e910e27ba1dd47a9
  custom:scripting/monoscript/fileName/CharacterControlEditor.cs: 6e09202751e867c99e9411a5163a380a -> 74b27d9e1055e4252d7b9ecb61871e6e
  custom:video-decoder-ogg-theora: a1e56fd34408186e4bbccfd4996cb3dc -> 
  custom:framework-win-MediaFoundation: 216162199b28c13a410421893ffa2e32 -> 
  custom:scripting/monoscript/fileName/CollectibleEditor.cs: b98340b07deffeb04de7e41ce32fb893 -> 5103579d60b51b5586e580e349d65753
  custom:scripting/monoscript/fileName/LevelEndPoint.cs: 899dfc763c07eb0f9b5285f747a75a12 -> 56a57129fde64e4d99b1942ff0191538
  custom:CustomObjectIndexerAttribute: a3ef5dd2817f97addfee359851a9dba5 -> 
  custom:container-demuxer-webm: 4f35f7cbe854078d1ac9338744f61a02 -> 
  custom:scripting/monoscript/fileName/PlateauBeweger.cs: 4538804633475692a2a5903ac02d8820 -> 7ef75c966ff0647456a4dee49c4591ab
  custom:container-muxer-webm: aa71ff27fc2769a1b78a27578f13a17b -> 
  custom:video-decoder-webm-vp8: 9c59270c3fd7afecdb556c50c9e8de78 -> 
  custom:AudioImporter_EditorPlatform: d09bf68614088b80899f8185d706f6e7 -> 
  custom:scripting/monoscript/fileName/Teleporter.cs: fe96482a3937fbb38eea23adcf696ef0 -> d985ce36f855c981e05b242e07fef67e
  custom:scripting/monoscript/fileName/PointEditor.cs: 8ee4b8d2958896c5f837d7b43e39fc18 -> 1328adb2b5de9928ad531b360bcc4f2a
  custom:video-encoder-webm-vp8: eb34c28f22e8b96e1ab97ce403110664 -> 
  custom:scripting/monoscript/fileName/PlayerLifeSupport.cs: d79fc0d2a05c5f449405717996c928fc -> 04639116e4da0193d3449de15e895b4e
  custom:audio-decoder-ogg-vorbis: bf7c407c2cedff20999df2af8eb42d56 -> 
  custom:scripting/monoscript/fileName/PlateauDrager.cs: 01dc49771a8eed1f44c559ff73d862a2 -> 8f34c580c9e1e377a04060e70f8a95d5
  custom:scripting/monoscript/fileName/Collectible.cs: 59ee5c346961cc2a9565a5418420c5c6 -> b86e3b51e1e8eabd47b104a8ce852c38
  custom:audio-encoder-webm-vorbis: bf7c407c2cedff20999df2af8eb42d56 -> 
  custom:scripting/monoscript/fileName/LevelSpawnPoint.cs: 5d3c60f6231a24d5d587787d0148ad07 -> 08cf35abc1607a5f85855841105cd387
  custom:scripting/monoscript/fileName/Deadzone.cs: d8794a28cbb7dd6932f87ab1ecbc07da -> 911018f686903743fe95b633b0d10aa9
  custom:scripting/monoscript/fileName/DeadzoneEditor.cs: 4c9e104bb091deeb5f723f636d0a3400 -> 065d9c75c38e553b8e38538b743646a6
  custom:scripting/monoscript/fileName/TriggerAnimation.cs: 4035b0dc920608c826845f82b26035fb -> 68ac04c275e75ad87efeb7ffeed98bef
========================================================================
Received Import Request.
  Time since last request: 49003.817628 seconds.
  path: Assets/testcontroller.controller
  artifactKey: Guid(fcfbcbc3e6bd3114cb7e9113c4933239) Importer(815301076,1909f56bfc062723c751e8b465ee728b)
Start importing Assets/testcontroller.controller using Guid(fcfbcbc3e6bd3114cb7e9113c4933239) Importer(815301076,1909f56bfc062723c751e8b465ee728b)  -> (artifact id: '998b8d5ea0b828dee63efcc682496507') in 0.037321 seconds
Number of updated asset objects reloaded before import = 0
Number of asset objects unloaded after import = 3
========================================================================
Received Import Request.
  Time since last request: 2.310820 seconds.
  path: Assets/TextMesh Pro
  artifactKey: Guid(f54d1bd14bd3ca042bd867b519fee8cc) Importer(815301076,1909f56bfc062723c751e8b465ee728b)
Start importing Assets/TextMesh Pro using Guid(f54d1bd14bd3ca042bd867b519fee8cc) Importer(815301076,1909f56bfc062723c751e8b465ee728b)  -> (artifact id: '30796653c4dfc1f2480bca9d8b60487c') in 0.000773 seconds
Number of updated asset objects reloaded before import = 0
Number of asset objects unloaded after import = 0
========================================================================
Received Import Request.
  Time since last request: 10.211047 seconds.
  path: Assets/Samples/ProBuilder
  artifactKey: Guid(68a188b248668dc4fa54bf0dcdf39743) Importer(815301076,1909f56bfc062723c751e8b465ee728b)
Start importing Assets/Samples/ProBuilder using Guid(68a188b248668dc4fa54bf0dcdf39743) Importer(815301076,1909f56bfc062723c751e8b465ee728b)  -> (artifact id: 'a5628edbc4c07e3bac8a41958496f463') in 0.004580 seconds
Number of updated asset objects reloaded before import = 13
Number of asset objects unloaded after import = 0
========================================================================
Received Import Request.
  Time since last request: 0.598481 seconds.
  path: Assets/Samples/ProBuilder/5.1.1
  artifactKey: Guid(aa19226c2d7d3a64cb49ef86c4e364d1) Importer(815301076,1909f56bfc062723c751e8b465ee728b)
Start importing Assets/Samples/ProBuilder/5.1.1 using Guid(aa19226c2d7d3a64cb49ef86c4e364d1) Importer(815301076,1909f56bfc062723c751e8b465ee728b)  -> (artifact id: 'b762bbe35d1a99f282a01803b723a106') in 0.003730 seconds
Number of updated asset objects reloaded before import = 0
Number of asset objects unloaded after import = 0
